  200422_1276_교각 놓기.cpp
C:\Program Files (x86)\Microsoft Visual Studio\2019\Community\VC\Tools\MSVC\14.22.27905\include\utility(161,16): warning C4244:  '초기화 중': '_Ty'에서 '_Ty1'(으)로 변환하면서 데이터가 손실될 수 있습니다.
C:\Program Files (x86)\Microsoft Visual Studio\2019\Community\VC\Tools\MSVC\14.22.27905\include\utility(161,16): warning C4244:         with
C:\Program Files (x86)\Microsoft Visual Studio\2019\Community\VC\Tools\MSVC\14.22.27905\include\utility(161,16): warning C4244:         [
C:\Program Files (x86)\Microsoft Visual Studio\2019\Community\VC\Tools\MSVC\14.22.27905\include\utility(161,16): warning C4244:             _Ty=int
C:\Program Files (x86)\Microsoft Visual Studio\2019\Community\VC\Tools\MSVC\14.22.27905\include\utility(161,16): warning C4244:         ]
C:\Program Files (x86)\Microsoft Visual Studio\2019\Community\VC\Tools\MSVC\14.22.27905\include\utility(161,16): warning C4244:         and
C:\Program Files (x86)\Microsoft Visual Studio\2019\Community\VC\Tools\MSVC\14.22.27905\include\utility(161,16): warning C4244:         [
C:\Program Files (x86)\Microsoft Visual Studio\2019\Community\VC\Tools\MSVC\14.22.27905\include\utility(161,16): warning C4244:             _Ty1=float
C:\Program Files (x86)\Microsoft Visual Studio\2019\Community\VC\Tools\MSVC\14.22.27905\include\utility(161,16): warning C4244:         ]
C:\Program Files (x86)\Microsoft Visual Studio\2019\Community\VC\Tools\MSVC\14.22.27905\include\utility(161): message :  컴파일되는 함수 템플릿 인스턴스화 'std::pair<float,float>::pair<int,int,0>(std::pair<int,int> &&) noexcept'에 대한 참조를 확인하세요.
C:\Program Files (x86)\Microsoft Visual Studio\2019\Community\VC\Tools\MSVC\14.22.27905\include\utility(161): message :  컴파일되는 함수 템플릿 인스턴스화 'std::pair<float,float>::pair<int,int,0>(std::pair<int,int> &&) noexcept'에 대한 참조를 확인하세요.
C:\Users\kangs\Desktop\Algorithm\200422_1276_교각 놓기\200422_1276_교각 놓기.cpp(17): message :  컴파일되는 함수 템플릿 인스턴스화 'std::pair<int,std::pair<float,float>>::pair<int,std::pair<int,int>,0>(std::pair<int,std::pair<int,int>> &&) noexcept'에 대한 참조를 확인하세요.
C:\Users\kangs\Desktop\Algorithm\200422_1276_교각 놓기\200422_1276_교각 놓기.cpp(17): message :  컴파일되는 함수 템플릿 인스턴스화 'std::pair<int,std::pair<float,float>>::pair<int,std::pair<int,int>,0>(std::pair<int,std::pair<int,int>> &&) noexcept'에 대한 참조를 확인하세요.
C:\Program Files (x86)\Microsoft Visual Studio\2019\Community\VC\Tools\MSVC\14.22.27905\include\utility(161,1): warning C4244:  '초기화 중': '_Ty'에서 '_Ty2'(으)로 변환하면서 데이터가 손실될 수 있습니다.
C:\Program Files (x86)\Microsoft Visual Studio\2019\Community\VC\Tools\MSVC\14.22.27905\include\utility(161,1): warning C4244:         with
C:\Program Files (x86)\Microsoft Visual Studio\2019\Community\VC\Tools\MSVC\14.22.27905\include\utility(161,1): warning C4244:         [
C:\Program Files (x86)\Microsoft Visual Studio\2019\Community\VC\Tools\MSVC\14.22.27905\include\utility(161,1): warning C4244:             _Ty=int
C:\Program Files (x86)\Microsoft Visual Studio\2019\Community\VC\Tools\MSVC\14.22.27905\include\utility(161,1): warning C4244:         ]
C:\Program Files (x86)\Microsoft Visual Studio\2019\Community\VC\Tools\MSVC\14.22.27905\include\utility(161,1): warning C4244:         and
C:\Program Files (x86)\Microsoft Visual Studio\2019\Community\VC\Tools\MSVC\14.22.27905\include\utility(161,1): warning C4244:         [
C:\Program Files (x86)\Microsoft Visual Studio\2019\Community\VC\Tools\MSVC\14.22.27905\include\utility(161,1): warning C4244:             _Ty2=float
C:\Program Files (x86)\Microsoft Visual Studio\2019\Community\VC\Tools\MSVC\14.22.27905\include\utility(161,1): warning C4244:         ]
  200422_1276_교각 놓기.vcxproj -> C:\Users\kangs\Desktop\Algorithm\200422_1276_교각 놓기\Debug\200422_1276_교각 놓기.exe
